#
# A fatal error has been detected by the Java Runtime Environment:
#
#  SIGBUS (0x7) at pc=0x00007f95228d7f31, pid=30336, tid=140278516459264
#
# JRE version: 6.0_21-b06
# Java VM: Java HotSpot(TM) 64-Bit Server VM (17.0-b16 mixed mode linux-amd64 )
# Problematic frame:
# C  [libzip.so+0xaf31]
#
# If you would like to submit a bug report, please visit:
#   http://java.sun.com/webapps/bugreport/crash.jsp
# The crash happened outside the Java Virtual Machine in native code.
# See problematic frame for where to report the bug.
#

---------------  T H R E A D  ---------------

Current thread (0x00007f951c006800):  JavaThread "main" [_thread_in_native, id=30337, stack(0x00007f952314a000,0x00007f952324b000)]

siginfo:si_signo=SIGBUS: si_errno=0, si_code=2 (BUS_ADRERR), si_addr=0x00007f95247efe4e

Registers:
RAX=0x0000000000000000, RBX=0x00007f951c0f0990, RCX=0x00007f951c000020, RDX=0x00007f951c136a90
RSP=0x00007f9523247b40, RBP=0x00007f95247efe31, RSI=0x00007f951c000038, RDI=0x00007f951c000020
R8 =0x0000000000000005, R9 =0x0000000000000ffc, R10=0x00007f9523e9b2b8, R11=0x00007f9523e9f058
R12=0x00007f951c136a90, R13=0x00007f951c0f0840, R14=0x00007f9523247bd0, R15=0x000000000000001f
RIP=0x00007f95228d7f31, EFL=0x0000000000010202, CSGSFS=0x002b000000000033, ERR=0x0000000000000004
  TRAPNO=0x000000000000000e

Top of Stack: (sp=0x00007f9523247b40)
0x00007f9523247b40:   00007f9523247b60 00007f951c0f0990
0x00007f9523247b50:   00007f951c0f0840 0000000000000000
0x00007f9523247b60:   0000000019dc00ce 00007f9523247bd0
0x00007f9523247b70:   000000000000001f 00007f95228d82ad
0x00007f9523247b80:   00007f951c006800 00007f9523247bd0
0x00007f9523247b90:   00007f951c0069c8 000000000000001f
0x00007f9523247ba0:   00007f95232480b0 000000000000001f
0x00007f9523247bb0:   0000000000000001 00007f95228d0747
0x00007f9523247bc0:   00007f9523247bd0 00007f951c0f0840
0x00007f9523247bd0:   646f6d7265707968 2f6e757273656c75
0x00007f9523247be0:   73756a6441524446 007373616c632e74
0x00007f9523247bf0:   00007f951c0070b8 0100060015000006
0x00007f9523247c00:   00007f9523249970 00007f95190003eb
0x00007f9523247c10:   00007f95190002d0 00007f9500000000
0x00007f9523247c20:   00007f9523249a30 00007f95232499c8
0x00007f9523247c30:   00007f9500000000 00007f9500000000
0x00007f9523247c40:   00007f9500000000 00007f9500000000
0x00007f9523247c50:   00007f9523249970 00007f95190003eb
0x00007f9523247c60:   00007f95190002d0 00007f9500000000
0x00007f9523247c70:   00007f9523249a30 00007f95232499c8
0x00007f9523247c80:   00007f9500000000 00007f9000000000
0x00007f9523247c90:   00007f9500000000 0000000600000000
0x00007f9523247ca0:   00007f9523247d10 0000000600000000
0x00007f9523247cb0:   00007f9523247dd0 000000051c007080
0x00007f9523247cc0:   00007f951c1596f4 0000000000000054
0x00007f9523247cd0:   0000000000000000 00007f9523ba7e2d
0x00007f9523247ce0:   00007f95000000c0 00007f9523247d40
0x00007f9523247cf0:   00007f9523247d20 00007f9523b38d67
0x00007f9523247d00:   00007f9523247d40 000000000000003b
0x00007f9523247d10:   00007f9523248910 000000000000003c
0x00007f9523247d20:   00007f9500000000 00007f9523b399be
0x00007f9523247d30:   00007f9523247d3c 00007f9523ba7e2d 

Instructions: (pc=0x00007f95228d7f31)
0x00007f95228d7f21:   28 00 00 00 00 8b 6b 04 49 03 6d 18 49 2b 6d 28
0x00007f95228d7f31:   0f b6 45 1d 0f b6 5d 1c 44 0f b6 75 1e 44 0f b6 

Stack: [0x00007f952314a000,0x00007f952324b000],  sp=0x00007f9523247b40,  free space=3f60000000000000018k
Native frames: (J=compiled Java code, j=interpreted, Vv=VM code, C=native code)
C  [libzip.so+0xaf31]

Java frames: (J=compiled Java code, j=interpreted, Vv=VM code)
j  java.util.zip.ZipFile.getEntry(JLjava/lang/String;Z)J+0
j  java.util.zip.ZipFile.getEntry(Ljava/lang/String;)Ljava/util/zip/ZipEntry;+31
j  java.util.jar.JarFile.getEntry(Ljava/lang/String;)Ljava/util/zip/ZipEntry;+2
j  java.util.jar.JarFile.getJarEntry(Ljava/lang/String;)Ljava/util/jar/JarEntry;+2
j  sun.misc.URLClassPath$JarLoader.getResource(Ljava/lang/String;Z)Lsun/misc/Resource;+48
j  sun.misc.URLClassPath.getResource(Ljava/lang/String;Z)Lsun/misc/Resource;+53
j  java.net.URLClassLoader$1.run()Ljava/lang/Object;+26
v  ~StubRoutines::call_stub
j  java.security.AccessController.doPrivileged(Ljava/security/PrivilegedExceptionAction;Ljava/security/AccessControlContext;)Ljava/lang/Object;+0
j  java.net.URLClassLoader.findClass(Ljava/lang/String;)Ljava/lang/Class;+13
j  java.lang.ClassLoader.loadClass(Ljava/lang/String;Z)Ljava/lang/Class;+47
j  sun.misc.Launcher$AppClassLoader.loadClass(Ljava/lang/String;Z)Ljava/lang/Class;+41
j  java.lang.ClassLoader.loadClass(Ljava/lang/String;)Ljava/lang/Class;+3
v  ~StubRoutines::call_stub
j  hypermodulesrun.AlgorithmTask.adjustResults()V+43
j  hypermodulesrun.AlgorithmTask.run()V+415
j  hypermodulesrun.MainRun.main([Ljava/lang/String;)V+615
v  ~StubRoutines::call_stub

---------------  P R O C E S S  ---------------

Java Threads: ( => current thread )
  0x00007f951c0dc000 JavaThread "Low Memory Detector" daemon [_thread_blocked, id=30368, stack(0x00007f8fb0360000,0x00007f8fb0d61000)]
  0x00007f951c0da000 JavaThread "CompilerThread1" daemon [_thread_blocked, id=30367, stack(0x00007f8fb0d61000,0x00007f8fb0e62000)]
  0x00007f951c0d7000 JavaThread "CompilerThread0" daemon [_thread_blocked, id=30366, stack(0x00007f8fb0e62000,0x00007f8fb0f63000)]
  0x00007f951c0d5000 JavaThread "Signal Dispatcher" daemon [_thread_blocked, id=30365, stack(0x00007f8fb0f63000,0x00007f8fb1964000)]
  0x00007f951c0b6000 JavaThread "Finalizer" daemon [_thread_blocked, id=30364, stack(0x00007f8fb1aed000,0x00007f8fb24ee000)]
  0x00007f951c0b4000 JavaThread "Reference Handler" daemon [_thread_blocked, id=30363, stack(0x00007f8fb24ee000,0x00007f8fb2eef000)]
=>0x00007f951c006800 JavaThread "main" [_thread_in_native, id=30337, stack(0x00007f952314a000,0x00007f952324b000)]

Other Threads:
  0x00007f951c0af800 VMThread [stack: 0x00007f8fb2eef000,0x00007f8fb2ff0000] [id=30362]
  0x00007f951c0ee800 WatcherThread [stack: 0x00007f8fb025f000,0x00007f8fb0360000] [id=30369]

VM state:not at safepoint (normal execution)

VM Mutex/Monitor currently owned by a thread: None

Heap
 PSYoungGen      total 6945664K, used 4327559K [0x00007f936e560000, 0x00007f9518ef0000, 0x00007f9519000000)
  eden space 6904384K, 62% used [0x00007f936e560000,0x00007f9476389c18,0x00007f9513bf0000)
  from space 41280K, 9% used [0x00007f9513bf0000,0x00007f9513fe8048,0x00007f9516440000)
  to   space 40128K, 0% used [0x00007f95167c0000,0x00007f95167c0000,0x00007f9518ef0000)
 PSOldGen        total 12367168K, used 10986339K [0x00007f9019000000, 0x00007f930bd50000, 0x00007f936e560000)
  object space 12367168K, 88% used [0x00007f9019000000,0x00007f92b78d8ca0,0x00007f930bd50000)
 PSPermGen       total 21248K, used 3696K [0x00007f9013c00000, 0x00007f90150c0000, 0x00007f9019000000)
  object space 21248K, 17% used [0x00007f9013c00000,0x00007f9013f9c138,0x00007f90150c0000)

Dynamic libraries:
40000000-40009000 r-xp 00000000 00:25 4518898988                         /oicr/x86_64/lib/jvm/jdk1.6.0_21/bin/java
40108000-4010a000 rwxp 00008000 00:25 4518898988                         /oicr/x86_64/lib/jvm/jdk1.6.0_21/bin/java
41254000-41275000 rwxp 00000000 00:00 0                                  [heap]
7f8ef4000000-7f8ef4021000 rwxp 00000000 00:00 0 
7f8ef4021000-7f8ef8000000 ---p 00000000 00:00 0 
7f8efc000000-7f8efc021000 rwxp 00000000 00:00 0 
7f8efc021000-7f8f00000000 ---p 00000000 00:00 0 
7f8f00000000-7f8f00021000 rwxp 00000000 00:00 0 
7f8f00021000-7f8f04000000 ---p 00000000 00:00 0 
7f8f08000000-7f8f08021000 rwxp 00000000 00:00 0 
7f8f08021000-7f8f0c000000 ---p 00000000 00:00 0 
7f8f0c000000-7f8f0c021000 rwxp 00000000 00:00 0 
7f8f0c021000-7f8f10000000 ---p 00000000 00:00 0 
7f8f10000000-7f8f10021000 rwxp 00000000 00:00 0 
7f8f10021000-7f8f14000000 ---p 00000000 00:00 0 
7f8f14000000-7f8f14021000 rwxp 00000000 00:00 0 
7f8f14021000-7f8f18000000 ---p 00000000 00:00 0 
7f8f18000000-7f8f18021000 rwxp 00000000 00:00 0 
7f8f18021000-7f8f1c000000 ---p 00000000 00:00 0 
7f8f1c000000-7f8f1c021000 rwxp 00000000 00:00 0 
7f8f1c021000-7f8f20000000 ---p 00000000 00:00 0 
7f8f221fd000-7f8f22200000 ---p 00000000 00:00 0 
7f8f22200000-7f8f22bfe000 rwxp 00000000 00:00 0 
7f8f24000000-7f8f24021000 rwxp 00000000 00:00 0 
7f8f24021000-7f8f28000000 ---p 00000000 00:00 0 
7f8f28000000-7f8f28021000 rwxp 00000000 00:00 0 
7f8f28021000-7f8f2c000000 ---p 00000000 00:00 0 
7f8f2c000000-7f8f2c021000 rwxp 00000000 00:00 0 
7f8f2c021000-7f8f30000000 ---p 00000000 00:00 0 
7f8f30000000-7f8f30021000 rwxp 00000000 00:00 0 
7f8f30021000-7f8f34000000 ---p 00000000 00:00 0 
7f8f34000000-7f8f34021000 rwxp 00000000 00:00 0 
7f8f34021000-7f8f38000000 ---p 00000000 00:00 0 
7f8f38000000-7f8f38021000 rwxp 00000000 00:00 0 
7f8f38021000-7f8f3c000000 ---p 00000000 00:00 0 
7f8f3cdfb000-7f8f3cdfe000 ---p 00000000 00:00 0 
7f8f3cdfe000-7f8f3d7fc000 rwxp 00000000 00:00 0 
7f8f40000000-7f8f40021000 rwxp 00000000 00:00 0 
7f8f40021000-7f8f44000000 ---p 00000000 00:00 0 
7f8f44000000-7f8f44021000 rwxp 00000000 00:00 0 
7f8f44021000-7f8f48000000 ---p 00000000 00:00 0 
7f8f48000000-7f8f48021000 rwxp 00000000 00:00 0 
7f8f48021000-7f8f4c000000 ---p 00000000 00:00 0 
7f8f4c000000-7f8f4c021000 rwxp 00000000 00:00 0 
7f8f4c021000-7f8f50000000 ---p 00000000 00:00 0 
7f8f50000000-7f8f50021000 rwxp 00000000 00:00 0 
7f8f50021000-7f8f54000000 ---p 00000000 00:00 0 
7f8f54000000-7f8f54021000 rwxp 00000000 00:00 0 
7f8f54021000-7f8f58000000 ---p 00000000 00:00 0 
7f8f5c000000-7f8f5c021000 rwxp 00000000 00:00 0 
7f8f5c021000-7f8f60000000 ---p 00000000 00:00 0 
7f8f60000000-7f8f60021000 rwxp 00000000 00:00 0 
7f8f60021000-7f8f64000000 ---p 00000000 00:00 0 
7f8f64000000-7f8f64021000 rwxp 00000000 00:00 0 
7f8f64021000-7f8f68000000 ---p 00000000 00:00 0 
7f8f68000000-7f8f68021000 rwxp 00000000 00:00 0 
7f8f68021000-7f8f6c000000 ---p 00000000 00:00 0 
7f8f6c000000-7f8f6c021000 rwxp 00000000 00:00 0 
7f8f6c021000-7f8f70000000 ---p 00000000 00:00 0 
7f8f70000000-7f8f70021000 rwxp 00000000 00:00 0 
7f8f70021000-7f8f74000000 ---p 00000000 00:00 0 
7f8f78000000-7f8f78021000 rwxp 00000000 00:00 0 
7f8f78021000-7f8f7c000000 ---p 00000000 00:00 0 
7f8f7c000000-7f8f7c021000 rwxp 00000000 00:00 0 
7f8f7c021000-7f8f80000000 ---p 00000000 00:00 0 
7f8f80000000-7f8f80021000 rwxp 00000000 00:00 0 
7f8f80021000-7f8f84000000 ---p 00000000 00:00 0 
7f8f84000000-7f8f84021000 rwxp 00000000 00:00 0 
7f8f84021000-7f8f88000000 ---p 00000000 00:00 0 
7f8f88000000-7f8f88021000 rwxp 00000000 00:00 0 
7f8f88021000-7f8f8c000000 ---p 00000000 00:00 0 
7f8f8c000000-7f8f8c021000 rwxp 00000000 00:00 0 
7f8f8c021000-7f8f90000000 ---p 00000000 00:00 0 
7f8f903fa000-7f8f903fd000 ---p 00000000 00:00 0 
7f8f903fd000-7f8f90dfb000 rwxp 00000000 00:00 0 
7f8f94000000-7f8f94c2b000 rwxp 00000000 00:00 0 
7f8f94c2b000-7f8f98000000 ---p 00000000 00:00 0 
7f8f98000000-7f8f98021000 rwxp 00000000 00:00 0 
7f8f98021000-7f8f9c000000 ---p 00000000 00:00 0 
7f8f9c000000-7f8f9c021000 rwxp 00000000 00:00 0 
7f8f9c021000-7f8fa0000000 ---p 00000000 00:00 0 
7f8fa0000000-7f8fa1787000 rwxp 00000000 00:00 0 
7f8fa1787000-7f8fa4000000 ---p 00000000 00:00 0 
7f8fa4000000-7f8fa4021000 rwxp 00000000 00:00 0 
7f8fa4021000-7f8fa8000000 ---p 00000000 00:00 0 
7f8fa8000000-7f8fa8021000 rwxp 00000000 00:00 0 
7f8fa8021000-7f8fac000000 ---p 00000000 00:00 0 
7f8fac000000-7f8fadfdd000 rwxp 00000000 00:00 0 
7f8fadfdd000-7f8fb0000000 ---p 00000000 00:00 0 
7f8fb025f000-7f8fb0260000 ---p 00000000 00:00 0 
7f8fb0260000-7f8fb0360000 rwxp 00000000 00:00 0 
7f8fb0360000-7f8fb0363000 ---p 00000000 00:00 0 
7f8fb0363000-7f8fb0d61000 rwxp 00000000 00:00 0 
7f8fb0d61000-7f8fb0d64000 ---p 00000000 00:00 0 
7f8fb0d64000-7f8fb0e62000 rwxp 00000000 00:00 0 
7f8fb0e62000-7f8fb0e65000 ---p 00000000 00:00 0 
7f8fb0e65000-7f8fb0f63000 rwxp 00000000 00:00 0 
7f8fb0f63000-7f8fb0f66000 ---p 00000000 00:00 0 
7f8fb0f66000-7f8fb1964000 rwxp 00000000 00:00 0 
7f8fb1964000-7f8fb1aed000 r-xp 00000000 09:00 137061                     /usr/lib/locale/locale-archive
7f8fb1aed000-7f8fb1af0000 ---p 00000000 00:00 0 
7f8fb1af0000-7f8fb24ee000 rwxp 00000000 00:00 0 
7f8fb24ee000-7f8fb24f1000 ---p 00000000 00:00 0 
7f8fb24f1000-7f8fb2eef000 rwxp 00000000 00:00 0 
7f8fb2eef000-7f8fb2ef0000 ---p 00000000 00:00 0 
7f8fb2ef0000-7f8fb4000000 rwxp 00000000 00:00 0 
7f8fb4000000-7f8fb4724000 rwxp 00000000 00:00 0 
7f8fb4724000-7f8fb8000000 ---p 00000000 00:00 0 
7f8fb8000000-7f8fb856c000 rwxp 00000000 00:00 0 
7f8fb856c000-7f8fbc000000 ---p 00000000 00:00 0 
7f8fbc000000-7f8fbc588000 rwxp 00000000 00:00 0 
7f8fbc588000-7f8fc0000000 ---p 00000000 00:00 0 
7f8fc0000000-7f8fc057b000 rwxp 00000000 00:00 0 
7f8fc057b000-7f8fc4000000 ---p 00000000 00:00 0 
7f8fc4000000-7f8fc457a000 rwxp 00000000 00:00 0 
7f8fc457a000-7f8fc8000000 ---p 00000000 00:00 0 
7f8fc8000000-7f8fc8565000 rwxp 00000000 00:00 0 
7f8fc8565000-7f8fcc000000 ---p 00000000 00:00 0 
7f8fcc000000-7f8fcc584000 rwxp 00000000 00:00 0 
7f8fcc584000-7f8fd0000000 ---p 00000000 00:00 0 
7f8fd0000000-7f8fd0581000 rwxp 00000000 00:00 0 
7f8fd0581000-7f8fd4000000 ---p 00000000 00:00 0 
7f8fd4000000-7f8fd458b000 rwxp 00000000 00:00 0 
7f8fd458b000-7f8fd8000000 ---p 00000000 00:00 0 
7f8fd8000000-7f8fd8584000 rwxp 00000000 00:00 0 
7f8fd8584000-7f8fdc000000 ---p 00000000 00:00 0 
7f8fdc000000-7f8fdc579000 rwxp 00000000 00:00 0 
7f8fdc579000-7f8fe0000000 ---p 00000000 00:00 0 
7f8fe0000000-7f8fe056d000 rwxp 00000000 00:00 0 
7f8fe056d000-7f8fe4000000 ---p 00000000 00:00 0 
7f8fe4000000-7f8fe47c1000 rwxp 00000000 00:00 0 
7f8fe47c1000-7f8fe8000000 ---p 00000000 00:00 0 
7f8fe8000000-7f8fe857f000 rwxp 00000000 00:00 0 
7f8fe857f000-7f8fec000000 ---p 00000000 00:00 0 
7f8fec000000-7f8fec710000 rwxp 00000000 00:00 0 
7f8fec710000-7f8ff0000000 ---p 00000000 00:00 0 
7f8ff0000000-7f8ff0564000 rwxp 00000000 00:00 0 
7f8ff0564000-7f8ff4000000 ---p 00000000 00:00 0 
7f8ff4000000-7f8ff4585000 rwxp 00000000 00:00 0 
7f8ff4585000-7f8ff8000000 ---p 00000000 00:00 0 
7f8ff8000000-7f8ff8584000 rwxp 00000000 00:00 0 
7f8ff8584000-7f8ffc000000 ---p 00000000 00:00 0 
7f8ffc000000-7f8ffc5dd000 rwxp 00000000 00:00 0 
7f8ffc5dd000-7f9000000000 ---p 00000000 00:00 0 
7f9000000000-7f9000570000 rwxp 00000000 00:00 0 
7f9000570000-7f9004000000 ---p 00000000 00:00 0 
7f9004000000-7f900457d000 rwxp 00000000 00:00 0 
7f900457d000-7f9008000000 ---p 00000000 00:00 0 
7f9008000000-7f900856c000 rwxp 00000000 00:00 0 
7f900856c000-7f900c000000 ---p 00000000 00:00 0 
7f900c000000-7f900c586000 rwxp 00000000 00:00 0 
7f900c586000-7f9010000000 ---p 00000000 00:00 0 
7f901002c000-7f9010834000 rwxp 00000000 00:00 0 
7f9010834000-7f90109cb000 r-xs 03014000 00:25 4518903250                 /oicr/x86_64/lib/jvm/jdk1.6.0_21/jre/lib/rt.jar
7f90109cb000-7f90109cc000 ---p 00000000 00:00 0 
7f90109cc000-7f9010acc000 rwxp 00000000 00:00 0 
7f9010acc000-7f9010acd000 ---p 00000000 00:00 0 
7f9010acd000-7f9010bcd000 rwxp 00000000 00:00 0 
7f9010bcd000-7f9010bce000 ---p 00000000 00:00 0 
7f9010bce000-7f9010cce000 rwxp 00000000 00:00 0 
7f9010cce000-7f9010ccf000 ---p 00000000 00:00 0 
7f9010ccf000-7f9010dcf000 rwxp 00000000 00:00 0 
7f9010dcf000-7f9010dd0000 ---p 00000000 00:00 0 
7f9010dd0000-7f9010ed0000 rwxp 00000000 00:00 0 
7f9010ed0000-7f9010ed1000 ---p 00000000 00:00 0 
7f9010ed1000-7f9010fd1000 rwxp 00000000 00:00 0 
7f9010fd1000-7f9010fd2000 ---p 00000000 00:00 0 
7f9010fd2000-7f90110d2000 rwxp 00000000 00:00 0 
7f90110d2000-7f90110d3000 ---p 00000000 00:00 0 
7f90110d3000-7f90111d3000 rwxp 00000000 00:00 0 
7f90111d3000-7f90111d4000 ---p 00000000 00:00 0 
7f90111d4000-7f90112d4000 rwxp 00000000 00:00 0 
7f90112d4000-7f90112d5000 ---p 00000000 00:00 0 
7f90112d5000-7f90113e0000 rwxp 00000000 00:00 0 
7f90113e0000-7f90113ff000 rwxp 00000000 00:00 0 
7f90113ff000-7f9012b96000 rwxp 00000000 00:00 0 
7f9012b96000-7f9012ea9000 ---p 00000000 00:00 0 
7f9012ea9000-7f9013bff000 rwxp 00000000 00:00 0 
7f9013bff000-7f90150c0000 rwxp 00000000 00:00 0 
7f90150c0000-7f9019000000 rwxp 00000000 00:00 0 
7f9019000000-7f930bd50000 rwxp 00000000 00:00 0 
7f930bd50000-7f936e560000 ---p 00000000 00:00 0 
7f936e560000-7f9518ef0000 rwxp 00000000 00:00 0 
7f9518ef0000-7f9519000000 ---p 00000000 00:00 0 
7f9519000000-7f9519270000 rwxp 00000000 00:00 0 
7f9519270000-7f951c1b9000 rwxp 00000000 00:00 0 
7f951c1b9000-7f9520000000 ---p 00000000 00:00 0 
7f9520055000-7f9520056000 ---p 00000000 00:00 0 
7f9520056000-7f9520156000 rwxp 00000000 00:00 0 
7f9520156000-7f9520157000 ---p 00000000 00:00 0 
7f9520157000-7f9520257000 rwxp 00000000 00:00 0 
7f9520257000-7f9520258000 ---p 00000000 00:00 0 
7f9520258000-7f9520358000 rwxp 00000000 00:00 0 
7f9520358000-7f9520359000 ---p 00000000 00:00 0 
7f9520359000-7f9520459000 rwxp 00000000 00:00 0 
7f9520459000-7f952045a000 ---p 00000000 00:00 0 
7f952045a000-7f952055a000 rwxp 00000000 00:00 0 
7f952055a000-7f952055b000 ---p 00000000 00:00 0 
7f952055b000-7f952065b000 rwxp 00000000 00:00 0 
7f952065b000-7f952065c000 ---p 00000000 00:00 0 
7f952065c000-7f952075c000 rwxp 00000000 00:00 0 
7f952075c000-7f952075d000 ---p 00000000 00:00 0 
7f952075d000-7f952085d000 rwxp 00000000 00:00 0 
7f952085d000-7f952085e000 ---p 00000000 00:00 0 
7f952085e000-7f952095e000 rwxp 00000000 00:00 0 
7f952095e000-7f952095f000 ---p 00000000 00:00 0 
7f952095f000-7f9520a5f000 rwxp 00000000 00:00 0 
7f9520a5f000-7f9520a60000 ---p 00000000 00:00 0 
7f9520a60000-7f9520b60000 rwxp 00000000 00:00 0 
7f9520b60000-7f9520b61000 ---p 00000000 00:00 0 
7f9520b61000-7f9520c61000 rwxp 00000000 00:00 0 
7f9520c61000-7f9520c62000 ---p 00000000 00:00 0 
7f9520c62000-7f95224f9000 rwxp 00000000 00:00 0 
7f95224f9000-7f952280d000 ---p 00000000 00:00 0 
7f952280d000-7f9522817000 rwxp 00000000 00:00 0 
7f9522817000-7f95228cd000 rwxp 00000000 00:00 0 
7f95228cd000-7f95228db000 r-xp 00000000 00:25 4518903452                 /oicr/x86_64/lib/jvm/jdk1.6.0_21/jre/lib/amd64/libzip.so
7f95228db000-7f95229dd000 ---p 0000e000 00:25 4518903452                 /oicr/x86_64/lib/jvm/jdk1.6.0_21/jre/lib/amd64/libzip.so
7f95229dd000-7f95229e0000 rwxp 00010000 00:25 4518903452                 /oicr/x86_64/lib/jvm/jdk1.6.0_21/jre/lib/amd64/libzip.so
7f95229e0000-7f95229e1000 rwxp 00000000 00:00 0 
7f95229e1000-7f95229e8000 r-xp 00000000 00:25 4518903493                 /oicr/x86_64/lib/jvm/jdk1.6.0_21/jre/lib/amd64/native_threads/libhpi.so
7f95229e8000-7f9522ae9000 ---p 00007000 00:25 4518903493                 /oicr/x86_64/lib/jvm/jdk1.6.0_21/jre/lib/amd64/native_threads/libhpi.so
7f9522ae9000-7f9522aeb000 rwxp 00008000 00:25 4518903493                 /oicr/x86_64/lib/jvm/jdk1.6.0_21/jre/lib/amd64/native_threads/libhpi.so
7f9522aeb000-7f9522aec000 rwxp 00000000 00:00 0 
7f9522aec000-7f9522b01000 r-xp 00000000 09:00 2099655                    /lib/x86_64-linux-gnu/libnsl-2.19.so
7f9522b01000-7f9522d00000 ---p 00015000 09:00 2099655                    /lib/x86_64-linux-gnu/libnsl-2.19.so
7f9522d00000-7f9522d01000 r-xp 00014000 09:00 2099655                    /lib/x86_64-linux-gnu/libnsl-2.19.so
7f9522d01000-7f9522d02000 rwxp 00015000 09:00 2099655                    /lib/x86_64-linux-gnu/libnsl-2.19.so
7f9522d02000-7f9522d04000 rwxp 00000000 00:00 0 
7f9522d04000-7f9522d2c000 r-xp 00000000 00:25 4518903399                 /oicr/x86_64/lib/jvm/jdk1.6.0_21/jre/lib/amd64/libjava.so
7f9522d2c000-7f9522e2c000 ---p 00028000 00:25 4518903399                 /oicr/x86_64/lib/jvm/jdk1.6.0_21/jre/lib/amd64/libjava.so
7f9522e2c000-7f9522e33000 rwxp 00028000 00:25 4518903399                 /oicr/x86_64/lib/jvm/jdk1.6.0_21/jre/lib/amd64/libjava.so
7f9522e33000-7f9522e40000 r-xp 00000000 00:25 4518903450                 /oicr/x86_64/lib/jvm/jdk1.6.0_21/jre/lib/amd64/libverify.so
7f9522e40000-7f9522f3f000 ---p 0000d000 00:25 4518903450                 /oicr/x86_64/lib/jvm/jdk1.6.0_21/jre/lib/amd64/libverify.so
7f9522f3f000-7f9522f42000 rwxp 0000c000 00:25 4518903450                 /oicr/x86_64/lib/jvm/jdk1.6.0_21/jre/lib/amd64/libverify.so
7f9522f42000-7f9522f49000 r-xp 00000000 09:00 2099666                    /lib/x86_64-linux-gnu/librt-2.19.so
7f9522f49000-7f9523148000 ---p 00007000 09:00 2099666                    /lib/x86_64-linux-gnu/librt-2.19.so
7f9523148000-7f9523149000 r-xp 00006000 09:00 2099666                    /lib/x86_64-linux-gnu/librt-2.19.so
7f9523149000-7f952314a000 rwxp 00007000 09:00 2099666                    /lib/x86_64-linux-gnu/librt-2.19.so
7f952314a000-7f952314d000 ---p 00000000 00:00 0 
7f952314d000-7f952324b000 rwxp 00000000 00:00 0 
7f952324b000-7f952334b000 r-xp 00000000 09:00 2099653                    /lib/x86_64-linux-gnu/libm-2.19.so
7f952334b000-7f952354a000 ---p 00100000 09:00 2099653                    /lib/x86_64-linux-gnu/libm-2.19.so
7f952354a000-7f952354b000 r-xp 000ff000 09:00 2099653                    /lib/x86_64-linux-gnu/libm-2.19.so
7f952354b000-7f952354c000 rwxp 00100000 09:00 2099653                    /lib/x86_64-linux-gnu/libm-2.19.so
7f952354c000-7f9523d26000 r-xp 00000000 00:25 4518903498                 /oicr/x86_64/lib/jvm/jdk1.6.0_21/jre/lib/amd64/server/libjvm.so
7f9523d26000-7f9523e28000 ---p 007da000 00:25 4518903498                 /oicr/x86_64/lib/jvm/jdk1.6.0_21/jre/lib/amd64/server/libjvm.so
7f9523e28000-7f9523fb9000 rwxp 007dc000 00:25 4518903498                 /oicr/x86_64/lib/jvm/jdk1.6.0_21/jre/lib/amd64/server/libjvm.so
7f9523fb9000-7f9523ff4000 rwxp 00000000 00:00 0 
7f9523ff4000-7f9524195000 r-xp 00000000 09:00 2099649                    /lib/x86_64-linux-gnu/libc-2.19.so
7f9524195000-7f9524395000 ---p 001a1000 09:00 2099649                    /lib/x86_64-linux-gnu/libc-2.19.so
7f9524395000-7f9524399000 r-xp 001a1000 09:00 2099649                    /lib/x86_64-linux-gnu/libc-2.19.so
7f9524399000-7f952439b000 rwxp 001a5000 09:00 2099649                    /lib/x86_64-linux-gnu/libc-2.19.so
7f952439b000-7f952439f000 rwxp 00000000 00:00 0 
7f952439f000-7f95243a2000 r-xp 00000000 09:00 2099652                    /lib/x86_64-linux-gnu/libdl-2.19.so
7f95243a2000-7f95245a1000 ---p 00003000 09:00 2099652                    /lib/x86_64-linux-gnu/libdl-2.19.so
7f95245a1000-7f95245a2000 r-xp 00002000 09:00 2099652                    /lib/x86_64-linux-gnu/libdl-2.19.so
7f95245a2000-7f95245a3000 rwxp 00003000 09:00 2099652                    /lib/x86_64-linux-gnu/libdl-2.19.so
7f95245a3000-7f95245bb000 r-xp 00000000 09:00 2099643                    /lib/x86_64-linux-gnu/libpthread-2.19.so
7f95245bb000-7f95247ba000 ---p 00018000 09:00 2099643                    /lib/x86_64-linux-gnu/libpthread-2.19.so
7f95247ba000-7f95247bb000 r-xp 00017000 09:00 2099643                    /lib/x86_64-linux-gnu/libpthread-2.19.so
7f95247bb000-7f95247bc000 rwxp 00018000 09:00 2099643                    /lib/x86_64-linux-gnu/libpthread-2.19.so
7f95247bc000-7f95247c0000 rwxp 00000000 00:00 0 
7f95247c0000-7f95247e1000 r-xp 00000000 09:00 2099645                    /lib/x86_64-linux-gnu/ld-2.19.so
7f95247ef000-7f9524833000 r-xs 00303000 00:25 14531997141                /.mounts/labs/reimandlab/private/users/thuang/HyperModules_1.0.2_CMD/HyperModulesCMD-1.0.2.jar
7f9524833000-7f9524872000 rwxp 00000000 00:00 0 
7f9524872000-7f9524891000 rwxp 00000000 00:00 0 
7f9524891000-7f9524899000 rwxs 00000000 09:01 79167540                   /var/oicr/tmp/hsperfdata_t2huang/30336
7f9524899000-7f95248ce000 r-xs 00000000 09:01 14680093                   /var/cache/nscd/passwd
7f95248ce000-7f95248cf000 rwxp 00000000 00:00 0 
7f95248cf000-7f95248d0000 r-xp 00000000 00:00 0 
7f95248d0000-7f95248d3000 rwxp 00000000 00:00 0 
7f95248d3000-7f95248da000 r-xp 00000000 00:25 4518903456                 /oicr/x86_64/lib/jvm/jdk1.6.0_21/jre/lib/amd64/jli/libjli.so
7f95248da000-7f95249db000 ---p 00007000 00:25 4518903456                 /oicr/x86_64/lib/jvm/jdk1.6.0_21/jre/lib/amd64/jli/libjli.so
7f95249db000-7f95249dd000 rwxp 00008000 00:25 4518903456                 /oicr/x86_64/lib/jvm/jdk1.6.0_21/jre/lib/amd64/jli/libjli.so
7f95249dd000-7f95249e0000 rwxp 00000000 00:00 0 
7f95249e0000-7f95249e1000 r-xp 00020000 09:00 2099645                    /lib/x86_64-linux-gnu/ld-2.19.so
7f95249e1000-7f95249e2000 rwxp 00021000 09:00 2099645                    /lib/x86_64-linux-gnu/ld-2.19.so
7f95249e2000-7f95249e3000 rwxp 00000000 00:00 0 
7ffed3d1b000-7ffed3d3d000 rwxp 00000000 00:00 0                          [stack]
7ffed3d48000-7ffed3d4a000 r--p 00000000 00:00 0                          [vvar]
7ffed3d4a000-7ffed3d4c000 r-xp 00000000 00:00 0                          [vdso]
ffffffffff600000-ffffffffff601000 r-xp 00000000 00:00 0                  [vsyscall]

VM Arguments:
jvm_args: -Xmx20G -Xss10M 
java_command: /.mounts/labs/reimandlab/private/users/thuang/HyperModules_1.0.2_CMD/HyperModulesCMD-1.0.2.jar -n /.mounts/labs/reimandlab/private/users/thuang/data_2/read-only/network_interaction_data_hugo.tsv -s /.mounts/labs/reimandlab/private/users/thuang/data_2/01-08-18/mutation_data/mut_Stomach_adenocarcinoma_hugo.csv -c /.mounts/labs/reimandlab/private/users/thuang/data_2/01-08-18/clinical_data/Stomach_adenocarcinoma_clin.csv -S 100 -t logrank -p 0.05 -C 32
Launcher Type: SUN_STANDARD

Environment Variables:
JAVA_HOME=/oicr/local/lib/jvm/jdk1.6.0_21
_JAVA_OPTIONS=-Xmx20G -Xss10M
PATH=/oicr/local/lib/jvm/jdk1.6.0_21/bin:/tmp/1369329.1.long:/u/t2huang/bin:/oicr/local/lib/jvm/jdk1.6.0_10/bin:/opt/ogs2011.11/bin/linux-x64:/usr/local/bin:/usr/bin:/bin:/usr/local/games:/usr/games:/oicr/cluster/bin:/oicr/cluster/sbin:/oicr/cluster/openmpi/bin:/oicr/local/bin:/oicr/local/sbin:/oicr/local/analysis/bin:/u/t2huang/.local/bin
LD_LIBRARY_PATH=/oicr/x86_64/lib/jvm/jdk1.6.0_21/jre/lib/amd64/server:/oicr/x86_64/lib/jvm/jdk1.6.0_21/jre/lib/amd64:/oicr/x86_64/lib/jvm/jdk1.6.0_21/jre/../lib/amd64:/usr/local/lib:/lib/x86_64-linux-gnu:/usr/lib/x86_64-linux-gnu:/usr/lib:/usr/lib/x86_64-linux-gnu:/oicr/cluster/openmpi/lib:/oicr/local/lib:/oicr/local/analysis/lib
SHELL=/bin/bash

Signal Handlers:
SIGSEGV: [libjvm.so+0x7311c0], sa_mask[0]=0x7ffbfeff, sa_flags=0x10000004
SIGBUS: [libjvm.so+0x7311c0], sa_mask[0]=0x7ffbfeff, sa_flags=0x10000004
SIGFPE: [libjvm.so+0x5f5da0], sa_mask[0]=0x7ffbfeff, sa_flags=0x10000004
SIGPIPE: [libjvm.so+0x5f5da0], sa_mask[0]=0x7ffbfeff, sa_flags=0x10000004
SIGXFSZ: [libjvm.so+0x5f5da0], sa_mask[0]=0x7ffbfeff, sa_flags=0x10000004
SIGILL: [libjvm.so+0x5f5da0], sa_mask[0]=0x7ffbfeff, sa_flags=0x10000004
SIGUSR1: SIG_DFL, sa_mask[0]=0x00000000, sa_flags=0x00000000
SIGUSR2: [libjvm.so+0x5f85c0], sa_mask[0]=0x00000000, sa_flags=0x10000004
SIGHUP: [libjvm.so+0x5f8310], sa_mask[0]=0x7ffbfeff, sa_flags=0x10000004
SIGINT: [libjvm.so+0x5f8310], sa_mask[0]=0x7ffbfeff, sa_flags=0x10000004
SIGTERM: [libjvm.so+0x5f8310], sa_mask[0]=0x7ffbfeff, sa_flags=0x10000004
SIGQUIT: [libjvm.so+0x5f8310], sa_mask[0]=0x7ffbfeff, sa_flags=0x10000004


---------------  S Y S T E M  ---------------

OS:8.8

uname:Linux 4.9.0-0.bpo.3-amd64 #1 SMP Debian 4.9.30-2~bpo8+1 (2017-06-14) x86_64
libc:glibc 2.19 NPTL 2.19 
rlimit: STACK 1835008k, CORE infinity, NPROC 1031331, NOFILE 114688, AS 154140672k
load average:3.04 3.44 5.15

CPU:total 32 (8 cores per cpu, 2 threads per core) family 6 model 79 stepping 1, cmov, cx8, fxsr, mmx, sse, sse2, sse3, ssse3, sse4.1, sse4.2, popcnt, ht

Memory: 4k page, physical 264043212k(8596828k free), swap 0k(0k free)

vm_info: Java HotSpot(TM) 64-Bit Server VM (17.0-b16) for linux-amd64 JRE (1.6.0_21-b06), built on Jun 22 2010 01:10:00 by "java_re" with gcc 3.2.2 (SuSE Linux)

time: Tue Jan 30 21:49:46 2018
elapsed time: 381577 seconds

