#
# A fatal error has been detected by the Java Runtime Environment:
#
#  SIGBUS (0x7) at pc=0x00007f08cd2e9f31, pid=21563, tid=139675788756736
#
# JRE version: 6.0_21-b06
# Java VM: Java HotSpot(TM) 64-Bit Server VM (17.0-b16 mixed mode linux-amd64 )
# Problematic frame:
# C  [libzip.so+0xaf31]
#
# If you would like to submit a bug report, please visit:
#   http://java.sun.com/webapps/bugreport/crash.jsp
# The crash happened outside the Java Virtual Machine in native code.
# See problematic frame for where to report the bug.
#

---------------  T H R E A D  ---------------

Current thread (0x00007f08c8006800):  JavaThread "main" [_thread_in_native, id=21564, stack(0x00007f08cdb5c000,0x00007f08cdc5d000)]

siginfo:si_signo=SIGBUS: si_errno=0, si_code=2 (BUS_ADRERR), si_addr=0x00007f08cf201e4e

Registers:
RAX=0x0000000000000000, RBX=0x00007f08c80f09a0, RCX=0x00007f08c8000020, RDX=0x00007f08c8126c20
RSP=0x00007f08cdc59b40, RBP=0x00007f08cf201e31, RSI=0x00007f08c8000038, RDI=0x00007f08c8127000
R8 =0x0000000000000003, R9 =0x0000000000000ffc, R10=0x00007f08ce8ad2b8, R11=0x00007f08ce8b1058
R12=0x00007f08c8126c20, R13=0x00007f08c80f0850, R14=0x00007f08cdc59bd0, R15=0x000000000000001f
RIP=0x00007f08cd2e9f31, EFL=0x0000000000010202, CSGSFS=0x002b000000000033, ERR=0x0000000000000004
  TRAPNO=0x000000000000000e

Top of Stack: (sp=0x00007f08cdc59b40)
0x00007f08cdc59b40:   00007f08cdc59b60 00007f08c80f09a0
0x00007f08cdc59b50:   00007f08c80f0850 0000000000000000
0x00007f08cdc59b60:   0000000019dc00ce 00007f08cdc59bd0
0x00007f08cdc59b70:   000000000000001f 00007f08cd2ea2ad
0x00007f08cdc59b80:   00007f08c8006800 00007f08cdc59bd0
0x00007f08cdc59b90:   00007f08c80069c8 000000000000001f
0x00007f08cdc59ba0:   00007f08cdc5a0b0 000000000000001f
0x00007f08cdc59bb0:   0000000000000001 00007f08cd2e2747
0x00007f08cdc59bc0:   00007f08cdc59bd0 00007f08c80f0850
0x00007f08cdc59bd0:   646f6d7265707968 2f6e757273656c75
0x00007f08cdc59be0:   73756a6441524446 007373616c632e74
0x00007f08cdc59bf0:   00007f08c80070c8 0100060015000006
0x00007f08cdc59c00:   00007f08cdc5b970 00007f08c50003eb
0x00007f08cdc59c10:   00007f08c50002d0 00007f0800000000
0x00007f08cdc59c20:   00007f08cdc5ba30 00007f08cdc5b9c8
0x00007f08cdc59c30:   00007f0800000000 00007f0800000000
0x00007f08cdc59c40:   00007f0800000000 00007f0800000000
0x00007f08cdc59c50:   00007f08cdc5b970 00007f08c50003eb
0x00007f08cdc59c60:   00007f08c50002d0 00007f0800000000
0x00007f08cdc59c70:   00007f08cdc5ba30 00007f08cdc5b9c8
0x00007f08cdc59c80:   00007f0800000000 00007f0800000000
0x00007f08cdc59c90:   00007f0800000000 0000000600000000
0x00007f08cdc59ca0:   00007f08cdc59d10 0000000600000000
0x00007f08cdc59cb0:   00007f08cdc59dd0 00000005c8007090
0x00007f08cdc59cc0:   00007f08c815a7b4 0000000000000054
0x00007f08cdc59cd0:   0000000000000000 0000000100000034
0x00007f08cdc59ce0:   00007f08000000c0 00007f08ce52d0cf
0x00007f08cdc59cf0:   00007f0800000000 00007f08cd2ebe40
0x00007f08cdc59d00:   00007f08cdc59d40 00007f08ce52d0cf
0x00007f08cdc59d10:   0000000000000000 00007f08ce5b9e2d
0x00007f08cdc59d20:   00007f0800000000 00007f08cdc59d80
0x00007f08cdc59d30:   00007f08cdc59d60 00007f08ce5b9e2d 

Instructions: (pc=0x00007f08cd2e9f31)
0x00007f08cd2e9f21:   28 00 00 00 00 8b 6b 04 49 03 6d 18 49 2b 6d 28
0x00007f08cd2e9f31:   0f b6 45 1d 0f b6 5d 1c 44 0f b6 75 1e 44 0f b6 

Stack: [0x00007f08cdb5c000,0x00007f08cdc5d000],  sp=0x00007f08cdc59b40,  free space=3f60000000000000018k
Native frames: (J=compiled Java code, j=interpreted, Vv=VM code, C=native code)
C  [libzip.so+0xaf31]

Java frames: (J=compiled Java code, j=interpreted, Vv=VM code)
j  java.util.zip.ZipFile.getEntry(JLjava/lang/String;Z)J+0
j  java.util.zip.ZipFile.getEntry(Ljava/lang/String;)Ljava/util/zip/ZipEntry;+31
j  java.util.jar.JarFile.getEntry(Ljava/lang/String;)Ljava/util/zip/ZipEntry;+2
j  java.util.jar.JarFile.getJarEntry(Ljava/lang/String;)Ljava/util/jar/JarEntry;+2
j  sun.misc.URLClassPath$JarLoader.getResource(Ljava/lang/String;Z)Lsun/misc/Resource;+48
j  sun.misc.URLClassPath.getResource(Ljava/lang/String;Z)Lsun/misc/Resource;+53
j  java.net.URLClassLoader$1.run()Ljava/lang/Object;+26
v  ~StubRoutines::call_stub
j  java.security.AccessController.doPrivileged(Ljava/security/PrivilegedExceptionAction;Ljava/security/AccessControlContext;)Ljava/lang/Object;+0
j  java.net.URLClassLoader.findClass(Ljava/lang/String;)Ljava/lang/Class;+13
j  java.lang.ClassLoader.loadClass(Ljava/lang/String;Z)Ljava/lang/Class;+47
j  sun.misc.Launcher$AppClassLoader.loadClass(Ljava/lang/String;Z)Ljava/lang/Class;+41
j  java.lang.ClassLoader.loadClass(Ljava/lang/String;)Ljava/lang/Class;+3
v  ~StubRoutines::call_stub
j  hypermodulesrun.AlgorithmTask.adjustResults()V+43
j  hypermodulesrun.AlgorithmTask.run()V+415
j  hypermodulesrun.MainRun.main([Ljava/lang/String;)V+615
v  ~StubRoutines::call_stub

---------------  P R O C E S S  ---------------

Java Threads: ( => current thread )
  0x00007f08c80dc000 JavaThread "Low Memory Detector" daemon [_thread_blocked, id=21597, stack(0x00007f0352bfe000,0x00007f03535ff000)]
  0x00007f08c80da000 JavaThread "CompilerThread1" daemon [_thread_blocked, id=21596, stack(0x00007f03b81e8000,0x00007f03b82e9000)]
  0x00007f08c80d7000 JavaThread "CompilerThread0" daemon [_thread_blocked, id=21595, stack(0x00007f03b82e9000,0x00007f03b83ea000)]
  0x00007f08c80d5000 JavaThread "Signal Dispatcher" daemon [_thread_blocked, id=21594, stack(0x00007f03535ff000,0x00007f0354000000)]
  0x00007f08c80b6000 JavaThread "Finalizer" daemon [_thread_blocked, id=21590, stack(0x00007f03b8573000,0x00007f03b8f74000)]
  0x00007f08c80b4000 JavaThread "Reference Handler" daemon [_thread_blocked, id=21589, stack(0x00007f03b8f74000,0x00007f03b9975000)]
=>0x00007f08c8006800 JavaThread "main" [_thread_in_native, id=21564, stack(0x00007f08cdb5c000,0x00007f08cdc5d000)]

Other Threads:
  0x00007f08c80af800 VMThread [stack: 0x00007f03b9975000,0x00007f03b9a76000] [id=21588]
  0x00007f08c80ee800 WatcherThread [stack: 0x00007f03b80e7000,0x00007f03b81e8000] [id=21598]

VM state:not at safepoint (normal execution)

VM Mutex/Monitor currently owned by a thread: None

Heap
 PSYoungGen      total 6937728K, used 3352916K [0x00007f071a560000, 0x00007f08c5000000, 0x00007f08c5000000)
  eden space 6884416K, 48% used [0x00007f071a560000,0x00007f07e68b5080,0x00007f08be870000)
  from space 53312K, 13% used [0x00007f08c1bf0000,0x00007f08c22f0048,0x00007f08c5000000)
  to   space 52736K, 0% used [0x00007f08be870000,0x00007f08be870000,0x00007f08c1bf0000)
 PSOldGen        total 12213312K, used 6096557K [0x00007f03c5000000, 0x00007f06ae710000, 0x00007f071a560000)
  object space 12213312K, 49% used [0x00007f03c5000000,0x00007f05391ab6e0,0x00007f06ae710000)
 PSPermGen       total 21248K, used 3697K [0x00007f03bfc00000, 0x00007f03c10c0000, 0x00007f03c5000000)
  object space 21248K, 17% used [0x00007f03bfc00000,0x00007f03bff9c4c0,0x00007f03c10c0000)

Dynamic libraries:
40000000-40009000 r-xp 00000000 00:25 4518898988                         /oicr/x86_64/lib/jvm/jdk1.6.0_21/bin/java
40108000-4010a000 rwxp 00008000 00:25 4518898988                         /oicr/x86_64/lib/jvm/jdk1.6.0_21/bin/java
40f28000-40f49000 rwxp 00000000 00:00 0                                  [heap]
7f02a0000000-7f02a0021000 rwxp 00000000 00:00 0 
7f02a0021000-7f02a4000000 ---p 00000000 00:00 0 
7f02a8000000-7f02a8021000 rwxp 00000000 00:00 0 
7f02a8021000-7f02ac000000 ---p 00000000 00:00 0 
7f02ac000000-7f02ac021000 rwxp 00000000 00:00 0 
7f02ac021000-7f02b0000000 ---p 00000000 00:00 0 
7f02b0000000-7f02b0021000 rwxp 00000000 00:00 0 
7f02b0021000-7f02b4000000 ---p 00000000 00:00 0 
7f02b4000000-7f02b4021000 rwxp 00000000 00:00 0 
7f02b4021000-7f02b8000000 ---p 00000000 00:00 0 
7f02bc000000-7f02bc021000 rwxp 00000000 00:00 0 
7f02bc021000-7f02c0000000 ---p 00000000 00:00 0 
7f02c0000000-7f02c0021000 rwxp 00000000 00:00 0 
7f02c0021000-7f02c4000000 ---p 00000000 00:00 0 
7f02c4000000-7f02c4021000 rwxp 00000000 00:00 0 
7f02c4021000-7f02c8000000 ---p 00000000 00:00 0 
7f02c8000000-7f02c8021000 rwxp 00000000 00:00 0 
7f02c8021000-7f02cc000000 ---p 00000000 00:00 0 
7f02cc000000-7f02cc021000 rwxp 00000000 00:00 0 
7f02cc021000-7f02d0000000 ---p 00000000 00:00 0 
7f02d0000000-7f02d0021000 rwxp 00000000 00:00 0 
7f02d0021000-7f02d4000000 ---p 00000000 00:00 0 
7f02d75ff000-7f02d7602000 ---p 00000000 00:00 0 
7f02d7602000-7f02d8000000 rwxp 00000000 00:00 0 
7f02d8000000-7f02d8021000 rwxp 00000000 00:00 0 
7f02d8021000-7f02dc000000 ---p 00000000 00:00 0 
7f02dc000000-7f02dc021000 rwxp 00000000 00:00 0 
7f02dc021000-7f02e0000000 ---p 00000000 00:00 0 
7f02e0000000-7f02e0021000 rwxp 00000000 00:00 0 
7f02e0021000-7f02e4000000 ---p 00000000 00:00 0 
7f02e4000000-7f02e4021000 rwxp 00000000 00:00 0 
7f02e4021000-7f02e8000000 ---p 00000000 00:00 0 
7f02e8000000-7f02e8021000 rwxp 00000000 00:00 0 
7f02e8021000-7f02ec000000 ---p 00000000 00:00 0 
7f02ec000000-7f02ec021000 rwxp 00000000 00:00 0 
7f02ec021000-7f02f0000000 ---p 00000000 00:00 0 
7f02f2bfe000-7f02f2c01000 ---p 00000000 00:00 0 
7f02f2c01000-7f02f35ff000 rwxp 00000000 00:00 0 
7f02f4000000-7f02f4021000 rwxp 00000000 00:00 0 
7f02f4021000-7f02f8000000 ---p 00000000 00:00 0 
7f02f8000000-7f02f8021000 rwxp 00000000 00:00 0 
7f02f8021000-7f02fc000000 ---p 00000000 00:00 0 
7f02fc000000-7f02fc021000 rwxp 00000000 00:00 0 
7f02fc021000-7f0300000000 ---p 00000000 00:00 0 
7f0300000000-7f0300021000 rwxp 00000000 00:00 0 
7f0300021000-7f0304000000 ---p 00000000 00:00 0 
7f0304000000-7f0304021000 rwxp 00000000 00:00 0 
7f0304021000-7f0308000000 ---p 00000000 00:00 0 
7f0308000000-7f0308021000 rwxp 00000000 00:00 0 
7f0308021000-7f030c000000 ---p 00000000 00:00 0 
7f030ebfe000-7f030ec01000 ---p 00000000 00:00 0 
7f030ec01000-7f030f5ff000 rwxp 00000000 00:00 0 
7f0310000000-7f0310021000 rwxp 00000000 00:00 0 
7f0310021000-7f0314000000 ---p 00000000 00:00 0 
7f0314000000-7f0314021000 rwxp 00000000 00:00 0 
7f0314021000-7f0318000000 ---p 00000000 00:00 0 
7f0318000000-7f0318021000 rwxp 00000000 00:00 0 
7f0318021000-7f031c000000 ---p 00000000 00:00 0 
7f031c000000-7f031c021000 rwxp 00000000 00:00 0 
7f031c021000-7f0320000000 ---p 00000000 00:00 0 
7f0320000000-7f0320021000 rwxp 00000000 00:00 0 
7f0320021000-7f0324000000 ---p 00000000 00:00 0 
7f0328000000-7f0328021000 rwxp 00000000 00:00 0 
7f0328021000-7f032c000000 ---p 00000000 00:00 0 
7f032c000000-7f032c021000 rwxp 00000000 00:00 0 
7f032c021000-7f0330000000 ---p 00000000 00:00 0 
7f0330000000-7f0330021000 rwxp 00000000 00:00 0 
7f0330021000-7f0334000000 ---p 00000000 00:00 0 
7f0334000000-7f0334021000 rwxp 00000000 00:00 0 
7f0334021000-7f0338000000 ---p 00000000 00:00 0 
7f0338000000-7f0338021000 rwxp 00000000 00:00 0 
7f0338021000-7f033c000000 ---p 00000000 00:00 0 
7f033c000000-7f033c021000 rwxp 00000000 00:00 0 
7f033c021000-7f0340000000 ---p 00000000 00:00 0 
7f0340000000-7f034201c000 rwxp 00000000 00:00 0 
7f034201c000-7f0344000000 ---p 00000000 00:00 0 
7f0344000000-7f0344db5000 rwxp 00000000 00:00 0 
7f0344db5000-7f0348000000 ---p 00000000 00:00 0 
7f0348000000-7f0348021000 rwxp 00000000 00:00 0 
7f0348021000-7f034c000000 ---p 00000000 00:00 0 
7f034c000000-7f034c021000 rwxp 00000000 00:00 0 
7f034c021000-7f0350000000 ---p 00000000 00:00 0 
7f0352bfe000-7f0352c01000 ---p 00000000 00:00 0 
7f0352c01000-7f03535ff000 rwxp 00000000 00:00 0 
7f03535ff000-7f0353602000 ---p 00000000 00:00 0 
7f0353602000-7f0354000000 rwxp 00000000 00:00 0 
7f0354000000-7f0358000000 rwxp 00000000 00:00 0 
7f0358000000-7f0358021000 rwxp 00000000 00:00 0 
7f0358021000-7f035c000000 ---p 00000000 00:00 0 
7f035c000000-7f035c8ce000 rwxp 00000000 00:00 0 
7f035c8ce000-7f0360000000 ---p 00000000 00:00 0 
7f0360000000-7f0360b2a000 rwxp 00000000 00:00 0 
7f0360b2a000-7f0364000000 ---p 00000000 00:00 0 
7f0364000000-7f036481d000 rwxp 00000000 00:00 0 
7f036481d000-7f0368000000 ---p 00000000 00:00 0 
7f0368000000-7f0368841000 rwxp 00000000 00:00 0 
7f0368841000-7f036c000000 ---p 00000000 00:00 0 
7f036c000000-7f036c827000 rwxp 00000000 00:00 0 
7f036c827000-7f0370000000 ---p 00000000 00:00 0 
7f0370000000-7f0370849000 rwxp 00000000 00:00 0 
7f0370849000-7f0374000000 ---p 00000000 00:00 0 
7f0374000000-7f0374829000 rwxp 00000000 00:00 0 
7f0374829000-7f0378000000 ---p 00000000 00:00 0 
7f0378000000-7f03787f4000 rwxp 00000000 00:00 0 
7f03787f4000-7f037c000000 ---p 00000000 00:00 0 
7f037c000000-7f037c90a000 rwxp 00000000 00:00 0 
7f037c90a000-7f0380000000 ---p 00000000 00:00 0 
7f0380000000-7f038085d000 rwxp 00000000 00:00 0 
7f038085d000-7f0384000000 ---p 00000000 00:00 0 
7f0384000000-7f038480c000 rwxp 00000000 00:00 0 
7f038480c000-7f0388000000 ---p 00000000 00:00 0 
7f0388000000-7f038885b000 rwxp 00000000 00:00 0 
7f038885b000-7f038c000000 ---p 00000000 00:00 0 
7f038c000000-7f038c821000 rwxp 00000000 00:00 0 
7f038c821000-7f0390000000 ---p 00000000 00:00 0 
7f0390000000-7f0390859000 rwxp 00000000 00:00 0 
7f0390859000-7f0394000000 ---p 00000000 00:00 0 
7f0394000000-7f03948ae000 rwxp 00000000 00:00 0 
7f03948ae000-7f0398000000 ---p 00000000 00:00 0 
7f0398000000-7f0398824000 rwxp 00000000 00:00 0 
7f0398824000-7f039c000000 ---p 00000000 00:00 0 
7f039c000000-7f039c802000 rwxp 00000000 00:00 0 
7f039c802000-7f03a0000000 ---p 00000000 00:00 0 
7f03a0000000-7f03a083b000 rwxp 00000000 00:00 0 
7f03a083b000-7f03a4000000 ---p 00000000 00:00 0 
7f03a4000000-7f03a4861000 rwxp 00000000 00:00 0 
7f03a4861000-7f03a8000000 ---p 00000000 00:00 0 
7f03a8000000-7f03a8841000 rwxp 00000000 00:00 0 
7f03a8841000-7f03ac000000 ---p 00000000 00:00 0 
7f03ac000000-7f03ac89b000 rwxp 00000000 00:00 0 
7f03ac89b000-7f03b0000000 ---p 00000000 00:00 0 
7f03b0000000-7f03b07f0000 rwxp 00000000 00:00 0 
7f03b07f0000-7f03b4000000 ---p 00000000 00:00 0 
7f03b4000000-7f03b47f0000 rwxp 00000000 00:00 0 
7f03b47f0000-7f03b8000000 ---p 00000000 00:00 0 
7f03b80e7000-7f03b80e8000 ---p 00000000 00:00 0 
7f03b80e8000-7f03b81e8000 rwxp 00000000 00:00 0 
7f03b81e8000-7f03b81eb000 ---p 00000000 00:00 0 
7f03b81eb000-7f03b82e9000 rwxp 00000000 00:00 0 
7f03b82e9000-7f03b82ec000 ---p 00000000 00:00 0 
7f03b82ec000-7f03b83ea000 rwxp 00000000 00:00 0 
7f03b83ea000-7f03b8573000 r-xp 00000000 09:00 1317875                    /usr/lib/locale/locale-archive
7f03b8573000-7f03b8576000 ---p 00000000 00:00 0 
7f03b8576000-7f03b8f74000 rwxp 00000000 00:00 0 
7f03b8f74000-7f03b8f77000 ---p 00000000 00:00 0 
7f03b8f77000-7f03b9975000 rwxp 00000000 00:00 0 
7f03b9975000-7f03b9976000 ---p 00000000 00:00 0 
7f03b9976000-7f03bb28e000 rwxp 00000000 00:00 0 
7f03bb28e000-7f03bb425000 r-xs 03014000 00:25 4518903250                 /oicr/x86_64/lib/jvm/jdk1.6.0_21/jre/lib/rt.jar
7f03bb425000-7f03bb426000 ---p 00000000 00:00 0 
7f03bb426000-7f03bb526000 rwxp 00000000 00:00 0 
7f03bb526000-7f03bb527000 ---p 00000000 00:00 0 
7f03bb527000-7f03bb627000 rwxp 00000000 00:00 0 
7f03bb627000-7f03bb628000 ---p 00000000 00:00 0 
7f03bb628000-7f03bb728000 rwxp 00000000 00:00 0 
7f03bb728000-7f03bb729000 ---p 00000000 00:00 0 
7f03bb729000-7f03bb829000 rwxp 00000000 00:00 0 
7f03bb829000-7f03bb82a000 ---p 00000000 00:00 0 
7f03bb82a000-7f03bd076000 rwxp 00000000 00:00 0 
7f03bd076000-7f03bd3d5000 ---p 00000000 00:00 0 
7f03bd3d5000-7f03bd3e0000 rwxp 00000000 00:00 0 
7f03bd3e0000-7f03bd3ff000 rwxp 00000000 00:00 0 
7f03bd3ff000-7f03beb4b000 rwxp 00000000 00:00 0 
7f03beb4b000-7f03beea9000 ---p 00000000 00:00 0 
7f03beea9000-7f03bfbff000 rwxp 00000000 00:00 0 
7f03bfbff000-7f03c10c0000 rwxp 00000000 00:00 0 
7f03c10c0000-7f03c5000000 rwxp 00000000 00:00 0 
7f03c5000000-7f06ae710000 rwxp 00000000 00:00 0 
7f06ae710000-7f071a560000 ---p 00000000 00:00 0 
7f071a560000-7f08c5000000 rwxp 00000000 00:00 0 
7f08c5000000-7f08c5270000 rwxp 00000000 00:00 0 
7f08c5270000-7f08c8199000 rwxp 00000000 00:00 0 
7f08c8199000-7f08cc000000 ---p 00000000 00:00 0 
7f08cc00d000-7f08cc00e000 ---p 00000000 00:00 0 
7f08cc00e000-7f08cc10e000 rwxp 00000000 00:00 0 
7f08cc10e000-7f08cc10f000 ---p 00000000 00:00 0 
7f08cc10f000-7f08cc20f000 rwxp 00000000 00:00 0 
7f08cc20f000-7f08cc210000 ---p 00000000 00:00 0 
7f08cc210000-7f08cc310000 rwxp 00000000 00:00 0 
7f08cc310000-7f08cc311000 ---p 00000000 00:00 0 
7f08cc311000-7f08cc411000 rwxp 00000000 00:00 0 
7f08cc411000-7f08cc412000 ---p 00000000 00:00 0 
7f08cc412000-7f08cc512000 rwxp 00000000 00:00 0 
7f08cc512000-7f08cc513000 ---p 00000000 00:00 0 
7f08cc513000-7f08cc613000 rwxp 00000000 00:00 0 
7f08cc613000-7f08cc614000 ---p 00000000 00:00 0 
7f08cc614000-7f08cc714000 rwxp 00000000 00:00 0 
7f08cc714000-7f08cc715000 ---p 00000000 00:00 0 
7f08cc715000-7f08cc815000 rwxp 00000000 00:00 0 
7f08cc815000-7f08cc816000 ---p 00000000 00:00 0 
7f08cc816000-7f08cc916000 rwxp 00000000 00:00 0 
7f08cc916000-7f08cc917000 ---p 00000000 00:00 0 
7f08cc917000-7f08cca17000 rwxp 00000000 00:00 0 
7f08cca17000-7f08cca18000 ---p 00000000 00:00 0 
7f08cca18000-7f08ccb18000 rwxp 00000000 00:00 0 
7f08ccb18000-7f08ccb19000 ---p 00000000 00:00 0 
7f08ccb19000-7f08ccc19000 rwxp 00000000 00:00 0 
7f08ccc19000-7f08ccc1a000 ---p 00000000 00:00 0 
7f08ccc1a000-7f08ccd1a000 rwxp 00000000 00:00 0 
7f08ccd1a000-7f08ccd1b000 ---p 00000000 00:00 0 
7f08ccd1b000-7f08cce1b000 rwxp 00000000 00:00 0 
7f08cce1b000-7f08cce1c000 ---p 00000000 00:00 0 
7f08cce1c000-7f08ccf1c000 rwxp 00000000 00:00 0 
7f08ccf1c000-7f08ccf1d000 ---p 00000000 00:00 0 
7f08ccf1d000-7f08cd01d000 rwxp 00000000 00:00 0 
7f08cd01d000-7f08cd01e000 ---p 00000000 00:00 0 
7f08cd01e000-7f08cd11e000 rwxp 00000000 00:00 0 
7f08cd11e000-7f08cd11f000 ---p 00000000 00:00 0 
7f08cd11f000-7f08cd229000 rwxp 00000000 00:00 0 
7f08cd229000-7f08cd2df000 rwxp 00000000 00:00 0 
7f08cd2df000-7f08cd2ed000 r-xp 00000000 00:25 4518903452                 /oicr/x86_64/lib/jvm/jdk1.6.0_21/jre/lib/amd64/libzip.so
7f08cd2ed000-7f08cd3ef000 ---p 0000e000 00:25 4518903452                 /oicr/x86_64/lib/jvm/jdk1.6.0_21/jre/lib/amd64/libzip.so
7f08cd3ef000-7f08cd3f2000 rwxp 00010000 00:25 4518903452                 /oicr/x86_64/lib/jvm/jdk1.6.0_21/jre/lib/amd64/libzip.so
7f08cd3f2000-7f08cd3f3000 rwxp 00000000 00:00 0 
7f08cd3f3000-7f08cd3fa000 r-xp 00000000 00:25 4518903493                 /oicr/x86_64/lib/jvm/jdk1.6.0_21/jre/lib/amd64/native_threads/libhpi.so
7f08cd3fa000-7f08cd4fb000 ---p 00007000 00:25 4518903493                 /oicr/x86_64/lib/jvm/jdk1.6.0_21/jre/lib/amd64/native_threads/libhpi.so
7f08cd4fb000-7f08cd4fd000 rwxp 00008000 00:25 4518903493                 /oicr/x86_64/lib/jvm/jdk1.6.0_21/jre/lib/amd64/native_threads/libhpi.so
7f08cd4fd000-7f08cd4fe000 rwxp 00000000 00:00 0 
7f08cd4fe000-7f08cd513000 r-xp 00000000 09:00 526783                     /lib/x86_64-linux-gnu/libnsl-2.19.so
7f08cd513000-7f08cd712000 ---p 00015000 09:00 526783                     /lib/x86_64-linux-gnu/libnsl-2.19.so
7f08cd712000-7f08cd713000 r-xp 00014000 09:00 526783                     /lib/x86_64-linux-gnu/libnsl-2.19.so
7f08cd713000-7f08cd714000 rwxp 00015000 09:00 526783                     /lib/x86_64-linux-gnu/libnsl-2.19.so
7f08cd714000-7f08cd716000 rwxp 00000000 00:00 0 
7f08cd716000-7f08cd73e000 r-xp 00000000 00:25 4518903399                 /oicr/x86_64/lib/jvm/jdk1.6.0_21/jre/lib/amd64/libjava.so
7f08cd73e000-7f08cd83e000 ---p 00028000 00:25 4518903399                 /oicr/x86_64/lib/jvm/jdk1.6.0_21/jre/lib/amd64/libjava.so
7f08cd83e000-7f08cd845000 rwxp 00028000 00:25 4518903399                 /oicr/x86_64/lib/jvm/jdk1.6.0_21/jre/lib/amd64/libjava.so
7f08cd845000-7f08cd852000 r-xp 00000000 00:25 4518903450                 /oicr/x86_64/lib/jvm/jdk1.6.0_21/jre/lib/amd64/libverify.so
7f08cd852000-7f08cd951000 ---p 0000d000 00:25 4518903450                 /oicr/x86_64/lib/jvm/jdk1.6.0_21/jre/lib/amd64/libverify.so
7f08cd951000-7f08cd954000 rwxp 0000c000 00:25 4518903450                 /oicr/x86_64/lib/jvm/jdk1.6.0_21/jre/lib/amd64/libverify.so
7f08cd954000-7f08cd95b000 r-xp 00000000 09:00 526792                     /lib/x86_64-linux-gnu/librt-2.19.so
7f08cd95b000-7f08cdb5a000 ---p 00007000 09:00 526792                     /lib/x86_64-linux-gnu/librt-2.19.so
7f08cdb5a000-7f08cdb5b000 r-xp 00006000 09:00 526792                     /lib/x86_64-linux-gnu/librt-2.19.so
7f08cdb5b000-7f08cdb5c000 rwxp 00007000 09:00 526792                     /lib/x86_64-linux-gnu/librt-2.19.so
7f08cdb5c000-7f08cdb5f000 ---p 00000000 00:00 0 
7f08cdb5f000-7f08cdc5d000 rwxp 00000000 00:00 0 
7f08cdc5d000-7f08cdd5d000 r-xp 00000000 09:00 526779                     /lib/x86_64-linux-gnu/libm-2.19.so
7f08cdd5d000-7f08cdf5c000 ---p 00100000 09:00 526779                     /lib/x86_64-linux-gnu/libm-2.19.so
7f08cdf5c000-7f08cdf5d000 r-xp 000ff000 09:00 526779                     /lib/x86_64-linux-gnu/libm-2.19.so
7f08cdf5d000-7f08cdf5e000 rwxp 00100000 09:00 526779                     /lib/x86_64-linux-gnu/libm-2.19.so
7f08cdf5e000-7f08ce738000 r-xp 00000000 00:25 4518903498                 /oicr/x86_64/lib/jvm/jdk1.6.0_21/jre/lib/amd64/server/libjvm.so
7f08ce738000-7f08ce83a000 ---p 007da000 00:25 4518903498                 /oicr/x86_64/lib/jvm/jdk1.6.0_21/jre/lib/amd64/server/libjvm.so
7f08ce83a000-7f08ce9cb000 rwxp 007dc000 00:25 4518903498                 /oicr/x86_64/lib/jvm/jdk1.6.0_21/jre/lib/amd64/server/libjvm.so
7f08ce9cb000-7f08cea06000 rwxp 00000000 00:00 0 
7f08cea06000-7f08ceba7000 r-xp 00000000 09:00 526770                     /lib/x86_64-linux-gnu/libc-2.19.so
7f08ceba7000-7f08ceda7000 ---p 001a1000 09:00 526770                     /lib/x86_64-linux-gnu/libc-2.19.so
7f08ceda7000-7f08cedab000 r-xp 001a1000 09:00 526770                     /lib/x86_64-linux-gnu/libc-2.19.so
7f08cedab000-7f08cedad000 rwxp 001a5000 09:00 526770                     /lib/x86_64-linux-gnu/libc-2.19.so
7f08cedad000-7f08cedb1000 rwxp 00000000 00:00 0 
7f08cedb1000-7f08cedb4000 r-xp 00000000 09:00 526776                     /lib/x86_64-linux-gnu/libdl-2.19.so
7f08cedb4000-7f08cefb3000 ---p 00003000 09:00 526776                     /lib/x86_64-linux-gnu/libdl-2.19.so
7f08cefb3000-7f08cefb4000 r-xp 00002000 09:00 526776                     /lib/x86_64-linux-gnu/libdl-2.19.so
7f08cefb4000-7f08cefb5000 rwxp 00003000 09:00 526776                     /lib/x86_64-linux-gnu/libdl-2.19.so
7f08cefb5000-7f08cefcd000 r-xp 00000000 09:00 526762                     /lib/x86_64-linux-gnu/libpthread-2.19.so
7f08cefcd000-7f08cf1cc000 ---p 00018000 09:00 526762                     /lib/x86_64-linux-gnu/libpthread-2.19.so
7f08cf1cc000-7f08cf1cd000 r-xp 00017000 09:00 526762                     /lib/x86_64-linux-gnu/libpthread-2.19.so
7f08cf1cd000-7f08cf1ce000 rwxp 00018000 09:00 526762                     /lib/x86_64-linux-gnu/libpthread-2.19.so
7f08cf1ce000-7f08cf1d2000 rwxp 00000000 00:00 0 
7f08cf1d2000-7f08cf1f3000 r-xp 00000000 09:00 526764                     /lib/x86_64-linux-gnu/ld-2.19.so
7f08cf201000-7f08cf245000 r-xs 00303000 00:25 14531997141                /.mounts/labs/reimandlab/private/users/thuang/HyperModules_1.0.2_CMD/HyperModulesCMD-1.0.2.jar
7f08cf245000-7f08cf284000 rwxp 00000000 00:00 0 
7f08cf284000-7f08cf2a3000 rwxp 00000000 00:00 0 
7f08cf2a3000-7f08cf2ab000 rwxs 00000000 09:01 13108038                   /var/oicr/tmp/hsperfdata_t2huang/21563
7f08cf2ab000-7f08cf2e0000 r-xs 00000000 09:01 26476613                   /var/cache/nscd/passwd
7f08cf2e0000-7f08cf2e1000 rwxp 00000000 00:00 0 
7f08cf2e1000-7f08cf2e2000 r-xp 00000000 00:00 0 
7f08cf2e2000-7f08cf2e5000 rwxp 00000000 00:00 0 
7f08cf2e5000-7f08cf2ec000 r-xp 00000000 00:25 4518903456                 /oicr/x86_64/lib/jvm/jdk1.6.0_21/jre/lib/amd64/jli/libjli.so
7f08cf2ec000-7f08cf3ed000 ---p 00007000 00:25 4518903456                 /oicr/x86_64/lib/jvm/jdk1.6.0_21/jre/lib/amd64/jli/libjli.so
7f08cf3ed000-7f08cf3ef000 rwxp 00008000 00:25 4518903456                 /oicr/x86_64/lib/jvm/jdk1.6.0_21/jre/lib/amd64/jli/libjli.so
7f08cf3ef000-7f08cf3f2000 rwxp 00000000 00:00 0 
7f08cf3f2000-7f08cf3f3000 r-xp 00020000 09:00 526764                     /lib/x86_64-linux-gnu/ld-2.19.so
7f08cf3f3000-7f08cf3f4000 rwxp 00021000 09:00 526764                     /lib/x86_64-linux-gnu/ld-2.19.so
7f08cf3f4000-7f08cf3f5000 rwxp 00000000 00:00 0 
7fff0b46d000-7fff0b48f000 rwxp 00000000 00:00 0                          [stack]
7fff0b4b6000-7fff0b4b8000 r--p 00000000 00:00 0                          [vvar]
7fff0b4b8000-7fff0b4ba000 r-xp 00000000 00:00 0                          [vdso]
ffffffffff600000-ffffffffff601000 r-xp 00000000 00:00 0                  [vsyscall]

VM Arguments:
jvm_args: -Xmx20G -Xss10M 
java_command: /.mounts/labs/reimandlab/private/users/thuang/HyperModules_1.0.2_CMD/HyperModulesCMD-1.0.2.jar -n /.mounts/labs/reimandlab/private/users/thuang/data_2/read-only/network_interaction_data_hugo.tsv -s /.mounts/labs/reimandlab/private/users/thuang/data_2/01-08-18/mutation_data/mut_Bladder_Urothelial_Carcinoma_hugo.csv -c /.mounts/labs/reimandlab/private/users/thuang/data_2/01-08-18/clinical_data/Bladder_Urothelial_Carcinoma_clin.csv -S 100 -t logrank -p 0.05 -C 32
Launcher Type: SUN_STANDARD

Environment Variables:
JAVA_HOME=/oicr/local/lib/jvm/jdk1.6.0_21
_JAVA_OPTIONS=-Xmx20G -Xss10M
PATH=/oicr/local/lib/jvm/jdk1.6.0_21/bin:/tmp/1369326.1.long:/u/t2huang/bin:/oicr/local/lib/jvm/jdk1.6.0_10/bin:/opt/ogs2011.11/bin/linux-x64:/usr/local/bin:/usr/bin:/bin:/usr/local/games:/usr/games:/oicr/cluster/bin:/oicr/cluster/sbin:/oicr/cluster/openmpi/bin:/oicr/local/bin:/oicr/local/sbin:/oicr/local/analysis/bin:/u/t2huang/.local/bin
LD_LIBRARY_PATH=/oicr/x86_64/lib/jvm/jdk1.6.0_21/jre/lib/amd64/server:/oicr/x86_64/lib/jvm/jdk1.6.0_21/jre/lib/amd64:/oicr/x86_64/lib/jvm/jdk1.6.0_21/jre/../lib/amd64:/usr/local/lib:/lib/x86_64-linux-gnu:/usr/lib/x86_64-linux-gnu:/usr/lib:/usr/lib/x86_64-linux-gnu:/oicr/cluster/openmpi/lib:/oicr/local/lib:/oicr/local/analysis/lib
SHELL=/bin/bash

Signal Handlers:
SIGSEGV: [libjvm.so+0x7311c0], sa_mask[0]=0x7ffbfeff, sa_flags=0x10000004
SIGBUS: [libjvm.so+0x7311c0], sa_mask[0]=0x7ffbfeff, sa_flags=0x10000004
SIGFPE: [libjvm.so+0x5f5da0], sa_mask[0]=0x7ffbfeff, sa_flags=0x10000004
SIGPIPE: [libjvm.so+0x5f5da0], sa_mask[0]=0x7ffbfeff, sa_flags=0x10000004
SIGXFSZ: [libjvm.so+0x5f5da0], sa_mask[0]=0x7ffbfeff, sa_flags=0x10000004
SIGILL: [libjvm.so+0x5f5da0], sa_mask[0]=0x7ffbfeff, sa_flags=0x10000004
SIGUSR1: SIG_DFL, sa_mask[0]=0x00000000, sa_flags=0x00000000
SIGUSR2: [libjvm.so+0x5f85c0], sa_mask[0]=0x00000000, sa_flags=0x10000004
SIGHUP: [libjvm.so+0x5f8310], sa_mask[0]=0x7ffbfeff, sa_flags=0x10000004
SIGINT: [libjvm.so+0x5f8310], sa_mask[0]=0x7ffbfeff, sa_flags=0x10000004
SIGTERM: [libjvm.so+0x5f8310], sa_mask[0]=0x7ffbfeff, sa_flags=0x10000004
SIGQUIT: [libjvm.so+0x5f8310], sa_mask[0]=0x7ffbfeff, sa_flags=0x10000004


---------------  S Y S T E M  ---------------

OS:8.8

uname:Linux 4.9.0-0.bpo.3-amd64 #1 SMP Debian 4.9.30-2~bpo8+1 (2017-06-14) x86_64
libc:glibc 2.19 NPTL 2.19 
rlimit: STACK 1835008k, CORE infinity, NPROC 1031331, NOFILE 114688, AS 154140672k
load average:5.46 10.80 15.54

CPU:total 32 (8 cores per cpu, 2 threads per core) family 6 model 79 stepping 1, cmov, cx8, fxsr, mmx, sse, sse2, sse3, ssse3, sse4.1, sse4.2, popcnt, ht

Memory: 4k page, physical 264043212k(1504180k free), swap 0k(0k free)

vm_info: Java HotSpot(TM) 64-Bit Server VM (17.0-b16) for linux-amd64 JRE (1.6.0_21-b06), built on Jun 22 2010 01:10:00 by "java_re" with gcc 3.2.2 (SuSE Linux)

time: Wed Jan 31 01:49:03 2018
elapsed time: 396025 seconds

